MobileScope/app/build/outputs/logs/manifest-merger-debug-report.txt
-- Merging decision tree log ---
manifest
ADDED from src/main/AndroidManifest.xml:2:1-143:12
	package
		ADDED from src/main/AndroidManifest.xml:3:5-30
		INJECTED from src/main/AndroidManifest.xml
		INJECTED from src/main/AndroidManifest.xml
	android:versionName
		ADDED from src/main/AndroidManifest.xml:6:5-30
		INJECTED from src/main/AndroidManifest.xml
		INJECTED from src/main/AndroidManifest.xml
	android:versionCode
		ADDED from src/main/AndroidManifest.xml:5:5-28
		INJECTED from src/main/AndroidManifest.xml
		INJECTED from src/main/AndroidManifest.xml
	xmlns:android
		ADDED from src/main/AndroidManifest.xml:2:11-69
	android:installLocation
		ADDED from src/main/AndroidManifest.xml:4:5-35
uses-sdk
ADDED from src/main/AndroidManifest.xml:8:5-11:41
	android:maxSdkVersion
		ADDED from src/main/AndroidManifest.xml:9:9-35
	android:targetSdkVersion
		ADDED from src/main/AndroidManifest.xml:11:9-38
		INJECTED from src/main/AndroidManifest.xml
		INJECTED from src/main/AndroidManifest.xml
	android:minSdkVersion
		ADDED from src/main/AndroidManifest.xml:10:9-35
		INJECTED from src/main/AndroidManifest.xml
		INJECTED from src/main/AndroidManifest.xml
uses-permission#android.permission.WRITE_EXTERNAL_STORAGE
ADDED from src/main/AndroidManifest.xml:13:5-14:23
	android:name
		ADDED from src/main/AndroidManifest.xml:13:22-78
uses-permission#android.permission.INTERNET
ADDED from src/main/AndroidManifest.xml:15:5-16:23
	android:name
		ADDED from src/main/AndroidManifest.xml:15:22-64
uses-permission#android.permission.ACCESS_NETWORK_STATE
ADDED from src/main/AndroidManifest.xml:17:5-18:23
	android:name
		ADDED from src/main/AndroidManifest.xml:17:22-76
uses-permission#android.permission.READ_PHONE_STATE
ADDED from src/main/AndroidManifest.xml:19:5-20:23
	android:name
		ADDED from src/main/AndroidManifest.xml:19:22-72
uses-permission#android.permission.GET_TASKS
ADDED from src/main/AndroidManifest.xml:21:5-68
	android:name
		ADDED from src/main/AndroidManifest.xml:21:22-65
application
ADDED from src/main/AndroidManifest.xml:23:5-141:19
	android:label
		ADDED from src/main/AndroidManifest.xml:27:9-41
	android:icon
		ADDED from src/main/AndroidManifest.xml:26:9-39
	android:name
		ADDED from src/main/AndroidManifest.xml:24:9-71
activity#com.mobilescope.SplashScreen
ADDED from src/main/AndroidManifest.xml:28:9-37:20
	android:theme
		ADDED from src/main/AndroidManifest.xml:30:13-60
	android:name
		ADDED from src/main/AndroidManifest.xml:29:13-56
intent-filter#android.intent.action.MAIN+android.intent.category.LAUNCHER
ADDED from src/main/AndroidManifest.xml:31:13-35:29
action#android.intent.action.MAIN
ADDED from src/main/AndroidManifest.xml:32:17-69
	android:name
		ADDED from src/main/AndroidManifest.xml:32:25-66
category#android.intent.category.LAUNCHER
ADDED from src/main/AndroidManifest.xml:34:17-77
	android:name
		ADDED from src/main/AndroidManifest.xml:34:27-74
activity#com.mobilescope.MobileScopeMain
ADDED from src/main/AndroidManifest.xml:38:9-42:20
	android:name
		ADDED from src/main/AndroidManifest.xml:38:19-65
intent-filter#com.mobilescope.MobileScopeMain
ADDED from src/main/AndroidManifest.xml:39:13-41:29
action#com.mobilescope.MobileScopeMain
ADDED from src/main/AndroidManifest.xml:40:17-74
	android:name
		ADDED from src/main/AndroidManifest.xml:40:25-71
activity#com.mobilescope.MainPageActivity
ADDED from src/main/AndroidManifest.xml:43:9-55:20
	android:label
		ADDED from src/main/AndroidManifest.xml:45:13-45
	android:name
		ADDED from src/main/AndroidManifest.xml:44:13-60
intent-filter#android.intent.category.DEFAULT
ADDED from src/main/AndroidManifest.xml:46:13-54:29
category#android.intent.category.DEFAULT
ADDED from src/main/AndroidManifest.xml:53:17-76
	android:name
		ADDED from src/main/AndroidManifest.xml:53:27-73
activity#com.mobilescope.PlayerSearchActivity
ADDED from src/main/AndroidManifest.xml:61:9-63:48
	android:label
		ADDED from src/main/AndroidManifest.xml:63:13-45
	android:name
		ADDED from src/main/AndroidManifest.xml:62:13-64
activity#com.mobilescope.ForumActivity
ADDED from src/main/AndroidManifest.xml:64:9-66:48
	android:label
		ADDED from src/main/AndroidManifest.xml:66:13-45
	android:name
		ADDED from src/main/AndroidManifest.xml:65:13-57
activity#com.mobilescope.SSMobilePlayerStatus
ADDED from src/main/AndroidManifest.xml:67:9-69:48
	android:label
		ADDED from src/main/AndroidManifest.xml:69:13-45
	android:name
		ADDED from src/main/AndroidManifest.xml:68:13-64
activity#com.mobilescope.tour.detail.TourDetails
ADDED from src/main/AndroidManifest.xml:70:9-72:48
	android:label
		ADDED from src/main/AndroidManifest.xml:72:13-45
	android:name
		ADDED from src/main/AndroidManifest.xml:71:13-67
activity#com.mobilescope.search.RecentTournamentHistory
ADDED from src/main/AndroidManifest.xml:73:9-75:48
	android:label
		ADDED from src/main/AndroidManifest.xml:75:13-45
	android:name
		ADDED from src/main/AndroidManifest.xml:74:13-74
activity#com.mobilescope.search.PlayerHistory
ADDED from src/main/AndroidManifest.xml:76:9-89:20
	android:label
		ADDED from src/main/AndroidManifest.xml:78:13-45
	android:name
		ADDED from src/main/AndroidManifest.xml:77:13-64
activity#com.mobilescope.leader.LeaderCategoryActivity
ADDED from src/main/AndroidManifest.xml:90:9-103:20
	android:label
		ADDED from src/main/AndroidManifest.xml:92:13-45
	android:name
		ADDED from src/main/AndroidManifest.xml:91:13-73
activity#com.mobilescope.leader.LeaderboardRankActivity
ADDED from src/main/AndroidManifest.xml:104:9-106:48
	android:label
		ADDED from src/main/AndroidManifest.xml:106:13-45
	android:name
		ADDED from src/main/AndroidManifest.xml:105:13-74
activity#com.mobilescope.leader.LeaderboardTabActivity
ADDED from src/main/AndroidManifest.xml:107:9-109:48
	android:label
		ADDED from src/main/AndroidManifest.xml:109:13-45
	android:name
		ADDED from src/main/AndroidManifest.xml:108:13-73
activity#com.mobilescope.search.PlayerGraph
ADDED from src/main/AndroidManifest.xml:110:9-112:48
	android:label
		ADDED from src/main/AndroidManifest.xml:112:13-45
	android:name
		ADDED from src/main/AndroidManifest.xml:111:13-62
activity#org.achartengine.GraphicalActivity
ADDED from src/main/AndroidManifest.xml:113:9-71
	android:name
		ADDED from src/main/AndroidManifest.xml:113:19-68
activity#com.mobilescope.TournamentSearchActivity
ADDED from src/main/AndroidManifest.xml:114:9-117:20
	android:label
		ADDED from src/main/AndroidManifest.xml:116:13-45
	android:name
		ADDED from src/main/AndroidManifest.xml:115:13-68
activity#com.mobilescope.SelectNetworkActivity
ADDED from src/main/AndroidManifest.xml:118:9-74
	android:name
		ADDED from src/main/AndroidManifest.xml:118:19-71
activity#com.mobilescope.menu.MobileScopeMenu
ADDED from src/main/AndroidManifest.xml:119:9-73
	android:name
		ADDED from src/main/AndroidManifest.xml:119:19-70
activity#com.mobilescope.UserRegistration
ADDED from src/main/AndroidManifest.xml:120:9-126:20
	android:label
		ADDED from src/main/AndroidManifest.xml:122:13-69
	android:name
		ADDED from src/main/AndroidManifest.xml:121:13-60
meta-data#android.support.PARENT_ACTIVITY
ADDED from src/main/AndroidManifest.xml:123:13-125:61
	android:value
		ADDED from src/main/AndroidManifest.xml:125:17-58
	android:name
		ADDED from src/main/AndroidManifest.xml:124:17-63
activity#com.mobilescope.tournament.TourStaticSearchActivity
ADDED from src/main/AndroidManifest.xml:127:9-129:48
	android:label
		ADDED from src/main/AndroidManifest.xml:129:13-45
	android:name
		ADDED from src/main/AndroidManifest.xml:128:13-79
activity#com.mobilescope.preference.UserPreferenceActivity
ADDED from src/main/AndroidManifest.xml:130:9-132:48
	android:label
		ADDED from src/main/AndroidManifest.xml:132:13-45
	android:name
		ADDED from src/main/AndroidManifest.xml:131:13-77
activity#com.mobilescope.SettingsActivity
ADDED from src/main/AndroidManifest.xml:133:9-140:20
	android:label
		ADDED from src/main/AndroidManifest.xml:135:13-60
	android:parentActivityName
		ADDED from src/main/AndroidManifest.xml:136:13-79
	android:name
		ADDED from src/main/AndroidManifest.xml:134:13-60